16:26:52,618 INFO - org.springframework.beans.factory.xml.XmlBeanDefinitionReader.loadBeanDefinitions(315) | Loading XML bean definitions from class path resource [applicationContext.xml]
16:26:54,044 INFO - org.springframework.context.support.AbstractApplicationContext.prepareRefresh(495) | Refreshing org.springframework.context.support.GenericApplicationContext@30e3c624: startup date [Tue Apr 29 16:26:54 CST 2014]; root of context hierarchy
16:26:54,909 INFO - org.springframework.beans.factory.support.DefaultListableBeanFactory.preInstantiateSingletons(557) | Pre-instantiating singletons in org.springframework.beans.factory.support.DefaultListableBeanFactory@5097d026: defining beans [sessionFactory,dataSource,transactionManager,txAdvice,org.springframework.aop.config.internalAutoProxyCreator,allServiceMethod,org.springframework.aop.support.DefaultBeanFactoryPointcutAdvisor#0,org.springframework.beans.factory.annotation.AutowiredAnnotationBeanPostProcessor#0,dataCenter,deptDAO,userDAO,org.springframework.context.annotation.internalConfigurationAnnotationProcessor,org.springframework.context.annotation.internalAutowiredAnnotationProcessor,org.springframework.context.annotation.internalRequiredAnnotationProcessor,org.springframework.context.annotation.internalCommonAnnotationProcessor,deptService,userService,org.springframework.context.annotation.ConfigurationClassPostProcessor$ImportAwareBeanPostProcessor#0]; root of factory hierarchy
16:26:55,402 INFO - org.springframework.jdbc.datasource.DriverManagerDataSource.setDriverClassName(153) | Loaded JDBC driver: com.mysql.jdbc.Driver
16:26:56,009 INFO - org.hibernate.cfg.Environment.<clinit>(514) | Hibernate 3.2.6
16:26:56,014 INFO - org.hibernate.cfg.Environment.<clinit>(547) | hibernate.properties not found
16:26:56,041 INFO - org.hibernate.cfg.Environment.buildBytecodeProvider(681) | Bytecode provider name : cglib
16:26:56,060 INFO - org.hibernate.cfg.Environment.<clinit>(598) | using JDK 1.4 java.sql.Timestamp handling
16:26:56,263 INFO - org.hibernate.cfg.Configuration.addFile(305) | Reading mappings from file: D:\eclipseWorkspace-3.7_fgw3\yusr\target\classes\com\metecyu\yusr\model\Dept.hbm.xml
16:26:56,663 INFO - org.hibernate.cfg.HbmBinder.bindRootPersistentClassCommonValues(300) | Mapping class: com.metecyu.yusr.model.Dept -> yu_dept
16:26:56,694 INFO - org.hibernate.cfg.Configuration.addFile(305) | Reading mappings from file: D:\eclipseWorkspace-3.7_fgw3\yusr\target\classes\com\metecyu\yusr\model\DeptRoleRel.hbm.xml
16:26:56,770 INFO - org.hibernate.cfg.HbmBinder.bindRootPersistentClassCommonValues(300) | Mapping class: com.metecyu.yusr.model.DeptRoleRel -> yu_deptrolerel
16:26:56,935 INFO - org.hibernate.cfg.Configuration.addFile(305) | Reading mappings from file: D:\eclipseWorkspace-3.7_fgw3\yusr\target\classes\com\metecyu\yusr\model\Role.hbm.xml
16:26:56,987 INFO - org.hibernate.cfg.HbmBinder.bindRootPersistentClassCommonValues(300) | Mapping class: com.metecyu.yusr.model.Role -> yu_role
16:26:56,989 INFO - org.hibernate.cfg.Configuration.addFile(305) | Reading mappings from file: D:\eclipseWorkspace-3.7_fgw3\yusr\target\classes\com\metecyu\yusr\model\Rolerel.hbm.xml
16:26:57,034 INFO - org.hibernate.cfg.HbmBinder.bindRootPersistentClassCommonValues(300) | Mapping class: com.metecyu.yusr.model.Rolerel -> yu_rolerel
16:26:57,035 INFO - org.hibernate.cfg.Configuration.addFile(305) | Reading mappings from file: D:\eclipseWorkspace-3.7_fgw3\yusr\target\classes\com\metecyu\yusr\model\User.hbm.xml
16:26:57,074 INFO - org.hibernate.cfg.HbmBinder.bindRootPersistentClassCommonValues(300) | Mapping class: com.metecyu.yusr.model.User -> yu_user
16:26:57,076 INFO - org.hibernate.cfg.Configuration.addFile(305) | Reading mappings from file: D:\eclipseWorkspace-3.7_fgw3\yusr\target\classes\com\metecyu\yusr\model\UserDeptRel.hbm.xml
16:26:57,117 INFO - org.hibernate.cfg.HbmBinder.bindRootPersistentClassCommonValues(300) | Mapping class: com.metecyu.yusr.model.UserDeptRel -> yu_userdeptrel
16:26:57,119 INFO - org.hibernate.cfg.HbmBinder.bindCollectionSecondPass(2382) | Mapping collection: com.metecyu.yusr.model.Dept.userDeptRels -> yu_userdeptrel
16:26:57,121 INFO - org.hibernate.cfg.HbmBinder.bindCollectionSecondPass(2382) | Mapping collection: com.metecyu.yusr.model.Dept.deptRoleRels -> yu_deptrolerel
16:26:57,122 INFO - org.hibernate.cfg.HbmBinder.bindCollectionSecondPass(2382) | Mapping collection: com.metecyu.yusr.model.Role.rolerels -> yu_rolerel
16:26:57,123 INFO - org.hibernate.cfg.HbmBinder.bindCollectionSecondPass(2382) | Mapping collection: com.metecyu.yusr.model.User.deptRoleRels -> yu_deptrolerel
16:26:57,124 INFO - org.hibernate.cfg.HbmBinder.bindCollectionSecondPass(2382) | Mapping collection: com.metecyu.yusr.model.User.rolerels -> yu_rolerel
16:26:57,125 INFO - org.hibernate.cfg.HbmBinder.bindCollectionSecondPass(2382) | Mapping collection: com.metecyu.yusr.model.User.userDeptRels -> yu_userdeptrel
16:26:57,126 INFO - org.springframework.orm.hibernate3.LocalSessionFactoryBean.buildSessionFactory(777) | Building new Hibernate SessionFactory
16:26:57,159 INFO - org.hibernate.connection.ConnectionProviderFactory.newConnectionProvider(72) | Initializing connection provider: org.springframework.orm.hibernate3.LocalDataSourceConnectionProvider
16:26:58,131 INFO - org.hibernate.cfg.SettingsFactory.buildSettings(89) | RDBMS: MySQL, version: 5.5.15-log
16:26:58,132 INFO - org.hibernate.cfg.SettingsFactory.buildSettings(90) | JDBC driver: MySQL-AB JDBC Driver, version: mysql-connector-java-5.1.9 ( Revision: ${svn.Revision} )
16:26:58,208 INFO - org.hibernate.dialect.Dialect.<init>(152) | Using dialect: org.hibernate.dialect.MySQLDialect
16:26:58,217 INFO - org.hibernate.transaction.TransactionFactoryFactory.buildTransactionFactory(34) | Transaction strategy: org.springframework.orm.hibernate3.SpringTransactionFactory
16:26:58,223 INFO - org.hibernate.transaction.TransactionManagerLookupFactory.getTransactionManagerLookup(33) | No TransactionManagerLookup configured (in JTA environment, use of read-write or transactional second-level cache is not recommended)
16:26:58,224 INFO - org.hibernate.cfg.SettingsFactory.buildSettings(143) | Automatic flush during beforeCompletion(): disabled
16:26:58,225 INFO - org.hibernate.cfg.SettingsFactory.buildSettings(147) | Automatic session close at end of transaction: disabled
16:26:58,226 INFO - org.hibernate.cfg.SettingsFactory.buildSettings(154) | JDBC batch size: 15
16:26:58,227 INFO - org.hibernate.cfg.SettingsFactory.buildSettings(157) | JDBC batch updates for versioned data: disabled
16:26:58,228 INFO - org.hibernate.cfg.SettingsFactory.buildSettings(162) | Scrollable result sets: enabled
16:26:58,230 INFO - org.hibernate.cfg.SettingsFactory.buildSettings(170) | JDBC3 getGeneratedKeys(): enabled
16:26:58,231 INFO - org.hibernate.cfg.SettingsFactory.buildSettings(178) | Connection release mode: auto
16:26:58,234 INFO - org.hibernate.cfg.SettingsFactory.buildSettings(202) | Maximum outer join fetch depth: 2
16:26:58,236 INFO - org.hibernate.cfg.SettingsFactory.buildSettings(205) | Default batch fetch size: 1
16:26:58,237 INFO - org.hibernate.cfg.SettingsFactory.buildSettings(209) | Generate SQL with comments: disabled
16:26:58,238 INFO - org.hibernate.cfg.SettingsFactory.buildSettings(213) | Order SQL updates by primary key: disabled
16:26:58,239 INFO - org.hibernate.cfg.SettingsFactory.buildSettings(217) | Order SQL inserts for batching: disabled
16:26:58,240 INFO - org.hibernate.cfg.SettingsFactory.createQueryTranslatorFactory(386) | Query translator: org.hibernate.hql.ast.ASTQueryTranslatorFactory
16:26:58,245 INFO - org.hibernate.hql.ast.ASTQueryTranslatorFactory.<init>(24) | Using ASTQueryTranslatorFactory
16:26:58,246 INFO - org.hibernate.cfg.SettingsFactory.buildSettings(225) | Query language substitutions: {}
16:26:58,247 INFO - org.hibernate.cfg.SettingsFactory.buildSettings(230) | JPA-QL strict compliance: disabled
16:26:58,248 INFO - org.hibernate.cfg.SettingsFactory.buildSettings(235) | Second-level cache: enabled
16:26:58,249 INFO - org.hibernate.cfg.SettingsFactory.buildSettings(239) | Query cache: disabled
16:26:58,250 INFO - org.hibernate.cfg.SettingsFactory.createCacheProvider(373) | Cache provider: org.hibernate.cache.NoCacheProvider
16:26:58,251 INFO - org.hibernate.cfg.SettingsFactory.buildSettings(254) | Optimize cache for minimal puts: disabled
16:26:58,253 INFO - org.hibernate.cfg.SettingsFactory.buildSettings(263) | Structured second-level cache entries: disabled
16:26:58,260 INFO - org.hibernate.cfg.SettingsFactory.buildSettings(283) | Echoing all SQL to stdout
16:26:58,262 INFO - org.hibernate.cfg.SettingsFactory.buildSettings(290) | Statistics: disabled
16:26:58,263 INFO - org.hibernate.cfg.SettingsFactory.buildSettings(294) | Deleted entity synthetic identifier rollback: disabled
16:26:58,264 INFO - org.hibernate.cfg.SettingsFactory.buildSettings(309) | Default entity-mode: pojo
16:26:58,265 INFO - org.hibernate.cfg.SettingsFactory.buildSettings(313) | Named query checking : enabled
16:26:58,462 INFO - org.hibernate.impl.SessionFactoryImpl.<init>(161) | building session factory
16:26:59,250 INFO - org.hibernate.impl.SessionFactoryObjectFactory.addInstance(82) | Not binding factory to JNDI, no JNDI name configured
16:26:59,455 INFO - org.springframework.orm.hibernate3.HibernateTransactionManager.afterPropertiesSet(415) | Using DataSource [org.springframework.jdbc.datasource.DriverManagerDataSource@1bb0889a] of Hibernate SessionFactory for HibernateTransactionManager
16:26:59,593 WARN - org.springframework.aop.framework.Cglib2AopProxy.doValidateClass(255) | Unable to proxy method [public final org.springframework.orm.hibernate3.HibernateTemplate org.springframework.orm.hibernate3.support.HibernateDaoSupport.getHibernateTemplate()] because it is final: All calls to this method via a proxy will be routed directly to the proxy.
16:26:59,595 WARN - org.springframework.aop.framework.Cglib2AopProxy.doValidateClass(255) | Unable to proxy method [public final org.hibernate.SessionFactory org.springframework.orm.hibernate3.support.HibernateDaoSupport.getSessionFactory()] because it is final: All calls to this method via a proxy will be routed directly to the proxy.
16:26:59,596 WARN - org.springframework.aop.framework.Cglib2AopProxy.doValidateClass(255) | Unable to proxy method [public final void org.springframework.orm.hibernate3.support.HibernateDaoSupport.setSessionFactory(org.hibernate.SessionFactory)] because it is final: All calls to this method via a proxy will be routed directly to the proxy.
16:26:59,599 WARN - org.springframework.aop.framework.Cglib2AopProxy.doValidateClass(255) | Unable to proxy method [public final void org.springframework.orm.hibernate3.support.HibernateDaoSupport.setHibernateTemplate(org.springframework.orm.hibernate3.HibernateTemplate)] because it is final: All calls to this method via a proxy will be routed directly to the proxy.
16:26:59,600 WARN - org.springframework.aop.framework.Cglib2AopProxy.doValidateClass(255) | Unable to proxy method [public final void org.springframework.dao.support.DaoSupport.afterPropertiesSet() throws java.lang.IllegalArgumentException,org.springframework.beans.factory.BeanInitializationException] because it is final: All calls to this method via a proxy will be routed directly to the proxy.
16:26:59,782 WARN - org.springframework.aop.framework.Cglib2AopProxy.doValidateClass(255) | Unable to proxy method [public final org.springframework.orm.hibernate3.HibernateTemplate org.springframework.orm.hibernate3.support.HibernateDaoSupport.getHibernateTemplate()] because it is final: All calls to this method via a proxy will be routed directly to the proxy.
16:26:59,784 WARN - org.springframework.aop.framework.Cglib2AopProxy.doValidateClass(255) | Unable to proxy method [public final org.hibernate.SessionFactory org.springframework.orm.hibernate3.support.HibernateDaoSupport.getSessionFactory()] because it is final: All calls to this method via a proxy will be routed directly to the proxy.
16:26:59,786 WARN - org.springframework.aop.framework.Cglib2AopProxy.doValidateClass(255) | Unable to proxy method [public final void org.springframework.orm.hibernate3.support.HibernateDaoSupport.setSessionFactory(org.hibernate.SessionFactory)] because it is final: All calls to this method via a proxy will be routed directly to the proxy.
16:26:59,787 WARN - org.springframework.aop.framework.Cglib2AopProxy.doValidateClass(255) | Unable to proxy method [public final void org.springframework.orm.hibernate3.support.HibernateDaoSupport.setHibernateTemplate(org.springframework.orm.hibernate3.HibernateTemplate)] because it is final: All calls to this method via a proxy will be routed directly to the proxy.
16:26:59,788 WARN - org.springframework.aop.framework.Cglib2AopProxy.doValidateClass(255) | Unable to proxy method [public final void org.springframework.dao.support.DaoSupport.afterPropertiesSet() throws java.lang.IllegalArgumentException,org.springframework.beans.factory.BeanInitializationException] because it is final: All calls to this method via a proxy will be routed directly to the proxy.
16:26:59,990 WARN - org.springframework.aop.framework.Cglib2AopProxy.doValidateClass(255) | Unable to proxy method [public final org.springframework.orm.hibernate3.HibernateTemplate org.springframework.orm.hibernate3.support.HibernateDaoSupport.getHibernateTemplate()] because it is final: All calls to this method via a proxy will be routed directly to the proxy.
16:26:59,991 WARN - org.springframework.aop.framework.Cglib2AopProxy.doValidateClass(255) | Unable to proxy method [public final org.hibernate.SessionFactory org.springframework.orm.hibernate3.support.HibernateDaoSupport.getSessionFactory()] because it is final: All calls to this method via a proxy will be routed directly to the proxy.
16:26:59,992 WARN - org.springframework.aop.framework.Cglib2AopProxy.doValidateClass(255) | Unable to proxy method [public final void org.springframework.orm.hibernate3.support.HibernateDaoSupport.setSessionFactory(org.hibernate.SessionFactory)] because it is final: All calls to this method via a proxy will be routed directly to the proxy.
16:26:59,993 WARN - org.springframework.aop.framework.Cglib2AopProxy.doValidateClass(255) | Unable to proxy method [public final void org.springframework.orm.hibernate3.support.HibernateDaoSupport.setHibernateTemplate(org.springframework.orm.hibernate3.HibernateTemplate)] because it is final: All calls to this method via a proxy will be routed directly to the proxy.
16:26:59,994 WARN - org.springframework.aop.framework.Cglib2AopProxy.doValidateClass(255) | Unable to proxy method [public final void org.springframework.dao.support.DaoSupport.afterPropertiesSet() throws java.lang.IllegalArgumentException,org.springframework.beans.factory.BeanInitializationException] because it is final: All calls to this method via a proxy will be routed directly to the proxy.
16:27:00,362 INFO - org.springframework.test.context.transaction.TransactionalTestExecutionListener.startNewTransaction(274) | Began transaction (1): transaction manager [org.springframework.orm.hibernate3.HibernateTransactionManager@3c03dfcb]; rollback [false]
16:27:00,927 INFO - org.springframework.test.context.transaction.TransactionalTestExecutionListener.endTransaction(294) | Committed transaction after test execution for test context [[TestContext@4980f545 testClass = TestBefore, testInstance = com.metecyu.yusr.testUtil.TestBefore@3166aab6, testMethod = delteAllDate@TestBefore, testException = [null], mergedContextConfiguration = [MergedContextConfiguration@4b51ac10 testClass = TestBefore, locations = '{classpath:/applicationContext.xml}', classes = '{}', activeProfiles = '{}', contextLoader = 'org.springframework.test.context.support.DelegatingSmartContextLoader']]]
16:27:00,947 WARN - org.springframework.aop.framework.Cglib2AopProxy.doValidateClass(255) | Unable to proxy method [public final void org.springframework.test.context.junit4.AbstractJUnit4SpringContextTests.setApplicationContext(org.springframework.context.ApplicationContext)] because it is final: All calls to this method via a proxy will be routed directly to the proxy.
16:27:01,045 INFO - org.springframework.test.context.transaction.TransactionalTestExecutionListener.startNewTransaction(274) | Began transaction (1): transaction manager [org.springframework.orm.hibernate3.HibernateTransactionManager@3c03dfcb]; rollback [true]
16:27:01,518 INFO - org.springframework.test.context.transaction.TransactionalTestExecutionListener.endTransaction(294) | Rolled back transaction after test execution for test context [[TestContext@779d9c0d testClass = DeptDAOTest, testInstance = com.metecyu.yusr.dao.DeptDAOTest@c7056d5, testMethod = testGetNewId@DeptDAOTest, testException = [null], mergedContextConfiguration = [MergedContextConfiguration@2354c054 testClass = DeptDAOTest, locations = '{classpath:/applicationContext.xml}', classes = '{}', activeProfiles = '{}', contextLoader = 'org.springframework.test.context.support.DelegatingSmartContextLoader']]]
16:27:01,545 INFO - org.springframework.test.context.transaction.TransactionalTestExecutionListener.startNewTransaction(274) | Began transaction (2): transaction manager [org.springframework.orm.hibernate3.HibernateTransactionManager@3c03dfcb]; rollback [true]
16:27:01,729 INFO - org.springframework.test.context.transaction.TransactionalTestExecutionListener.endTransaction(294) | Rolled back transaction after test execution for test context [[TestContext@779d9c0d testClass = DeptDAOTest, testInstance = com.metecyu.yusr.dao.DeptDAOTest@1aa632be, testMethod = testGenarateDeptId@DeptDAOTest, testException = [null], mergedContextConfiguration = [MergedContextConfiguration@2354c054 testClass = DeptDAOTest, locations = '{classpath:/applicationContext.xml}', classes = '{}', activeProfiles = '{}', contextLoader = 'org.springframework.test.context.support.DelegatingSmartContextLoader']]]
16:27:01,748 INFO - org.springframework.test.context.transaction.TransactionalTestExecutionListener.startNewTransaction(274) | Began transaction (3): transaction manager [org.springframework.orm.hibernate3.HibernateTransactionManager@3c03dfcb]; rollback [true]
16:27:01,918 INFO - org.springframework.test.context.transaction.TransactionalTestExecutionListener.endTransaction(294) | Rolled back transaction after test execution for test context [[TestContext@779d9c0d testClass = DeptDAOTest, testInstance = com.metecyu.yusr.dao.DeptDAOTest@3821b42f, testMethod = testFindMainDept@DeptDAOTest, testException = [null], mergedContextConfiguration = [MergedContextConfiguration@2354c054 testClass = DeptDAOTest, locations = '{classpath:/applicationContext.xml}', classes = '{}', activeProfiles = '{}', contextLoader = 'org.springframework.test.context.support.DelegatingSmartContextLoader']]]
16:27:01,926 WARN - org.springframework.aop.framework.Cglib2AopProxy.doValidateClass(255) | Unable to proxy method [public final void org.springframework.test.context.junit4.AbstractJUnit4SpringContextTests.setApplicationContext(org.springframework.context.ApplicationContext)] because it is final: All calls to this method via a proxy will be routed directly to the proxy.
16:27:02,026 WARN - org.springframework.aop.framework.Cglib2AopProxy.doValidateClass(255) | Unable to proxy method [public final void org.springframework.test.context.junit4.AbstractJUnit4SpringContextTests.setApplicationContext(org.springframework.context.ApplicationContext)] because it is final: All calls to this method via a proxy will be routed directly to the proxy.
16:27:02,098 INFO - org.springframework.test.context.transaction.TransactionalTestExecutionListener.startNewTransaction(274) | Began transaction (1): transaction manager [org.springframework.orm.hibernate3.HibernateTransactionManager@3c03dfcb]; rollback [true]
16:27:02,331 INFO - org.springframework.test.context.transaction.TransactionalTestExecutionListener.endTransaction(294) | Rolled back transaction after test execution for test context [[TestContext@144f3ba2 testClass = DeptServiceTest, testInstance = com.metecyu.yusr.service.DeptServiceTest@5dd41318, testMethod = adjustDeptOrder@DeptServiceTest, testException = [null], mergedContextConfiguration = [MergedContextConfiguration@e31bcc8 testClass = DeptServiceTest, locations = '{classpath:/applicationContext.xml}', classes = '{}', activeProfiles = '{}', contextLoader = 'org.springframework.test.context.support.DelegatingSmartContextLoader']]]
16:27:02,357 INFO - org.springframework.test.context.transaction.TransactionalTestExecutionListener.startNewTransaction(274) | Began transaction (2): transaction manager [org.springframework.orm.hibernate3.HibernateTransactionManager@3c03dfcb]; rollback [true]
16:27:02,563 INFO - org.springframework.test.context.transaction.TransactionalTestExecutionListener.endTransaction(294) | Rolled back transaction after test execution for test context [[TestContext@144f3ba2 testClass = DeptServiceTest, testInstance = com.metecyu.yusr.service.DeptServiceTest@f3f348b, testMethod = addNoMainDeptUser@DeptServiceTest, testException = [null], mergedContextConfiguration = [MergedContextConfiguration@e31bcc8 testClass = DeptServiceTest, locations = '{classpath:/applicationContext.xml}', classes = '{}', activeProfiles = '{}', contextLoader = 'org.springframework.test.context.support.DelegatingSmartContextLoader']]]
16:27:02,590 INFO - org.springframework.test.context.transaction.TransactionalTestExecutionListener.startNewTransaction(274) | Began transaction (3): transaction manager [org.springframework.orm.hibernate3.HibernateTransactionManager@3c03dfcb]; rollback [true]
16:27:02,816 INFO - org.springframework.test.context.transaction.TransactionalTestExecutionListener.endTransaction(294) | Rolled back transaction after test execution for test context [[TestContext@144f3ba2 testClass = DeptServiceTest, testInstance = com.metecyu.yusr.service.DeptServiceTest@4ad61301, testMethod = adjustUserOrder@DeptServiceTest, testException = [null], mergedContextConfiguration = [MergedContextConfiguration@e31bcc8 testClass = DeptServiceTest, locations = '{classpath:/applicationContext.xml}', classes = '{}', activeProfiles = '{}', contextLoader = 'org.springframework.test.context.support.DelegatingSmartContextLoader']]]
16:27:02,838 INFO - org.springframework.test.context.transaction.TransactionalTestExecutionListener.startNewTransaction(274) | Began transaction (4): transaction manager [org.springframework.orm.hibernate3.HibernateTransactionManager@3c03dfcb]; rollback [true]
16:27:02,973 INFO - org.springframework.test.context.transaction.TransactionalTestExecutionListener.endTransaction(294) | Rolled back transaction after test execution for test context [[TestContext@144f3ba2 testClass = DeptServiceTest, testInstance = com.metecyu.yusr.service.DeptServiceTest@c77a748, testMethod = delUserDeptRel@DeptServiceTest, testException = [null], mergedContextConfiguration = [MergedContextConfiguration@e31bcc8 testClass = DeptServiceTest, locations = '{classpath:/applicationContext.xml}', classes = '{}', activeProfiles = '{}', contextLoader = 'org.springframework.test.context.support.DelegatingSmartContextLoader']]]
16:27:02,998 INFO - org.springframework.test.context.transaction.TransactionalTestExecutionListener.startNewTransaction(274) | Began transaction (5): transaction manager [org.springframework.orm.hibernate3.HibernateTransactionManager@3c03dfcb]; rollback [true]
16:27:03,074 INFO - org.springframework.test.context.transaction.TransactionalTestExecutionListener.endTransaction(294) | Rolled back transaction after test execution for test context [[TestContext@144f3ba2 testClass = DeptServiceTest, testInstance = com.metecyu.yusr.service.DeptServiceTest@22fe135d, testMethod = adjustDeptOrder2@DeptServiceTest, testException = [null], mergedContextConfiguration = [MergedContextConfiguration@e31bcc8 testClass = DeptServiceTest, locations = '{classpath:/applicationContext.xml}', classes = '{}', activeProfiles = '{}', contextLoader = 'org.springframework.test.context.support.DelegatingSmartContextLoader']]]
16:27:03,103 INFO - org.springframework.test.context.transaction.TransactionalTestExecutionListener.startNewTransaction(274) | Began transaction (6): transaction manager [org.springframework.orm.hibernate3.HibernateTransactionManager@3c03dfcb]; rollback [true]
16:27:03,150 INFO - org.springframework.test.context.transaction.TransactionalTestExecutionListener.endTransaction(294) | Rolled back transaction after test execution for test context [[TestContext@144f3ba2 testClass = DeptServiceTest, testInstance = com.metecyu.yusr.service.DeptServiceTest@51b1ab1d, testMethod = adjustDeptOrder3@DeptServiceTest, testException = [null], mergedContextConfiguration = [MergedContextConfiguration@e31bcc8 testClass = DeptServiceTest, locations = '{classpath:/applicationContext.xml}', classes = '{}', activeProfiles = '{}', contextLoader = 'org.springframework.test.context.support.DelegatingSmartContextLoader']]]
16:27:03,164 WARN - org.springframework.aop.framework.Cglib2AopProxy.doValidateClass(255) | Unable to proxy method [public final void org.springframework.test.context.junit4.AbstractJUnit4SpringContextTests.setApplicationContext(org.springframework.context.ApplicationContext)] because it is final: All calls to this method via a proxy will be routed directly to the proxy.
16:27:03,216 INFO - org.springframework.test.context.transaction.TransactionalTestExecutionListener.startNewTransaction(274) | Began transaction (1): transaction manager [org.springframework.orm.hibernate3.HibernateTransactionManager@3c03dfcb]; rollback [true]
16:27:03,294 INFO - org.springframework.test.context.transaction.TransactionalTestExecutionListener.endTransaction(294) | Rolled back transaction after test execution for test context [[TestContext@37d6d61d testClass = UserServiceTest, testInstance = com.metecyu.yusr.service.UserServiceTest@7983268e, testMethod = testSave@UserServiceTest, testException = [null], mergedContextConfiguration = [MergedContextConfiguration@115872f5 testClass = UserServiceTest, locations = '{classpath:/applicationContext.xml}', classes = '{}', activeProfiles = '{}', contextLoader = 'org.springframework.test.context.support.DelegatingSmartContextLoader']]]
16:27:03,313 INFO - org.springframework.test.context.transaction.TransactionalTestExecutionListener.startNewTransaction(274) | Began transaction (2): transaction manager [org.springframework.orm.hibernate3.HibernateTransactionManager@3c03dfcb]; rollback [true]
16:27:03,405 INFO - org.springframework.test.context.transaction.TransactionalTestExecutionListener.endTransaction(294) | Rolled back transaction after test execution for test context [[TestContext@37d6d61d testClass = UserServiceTest, testInstance = com.metecyu.yusr.service.UserServiceTest@2e027538, testMethod = testAdd@UserServiceTest, testException = [null], mergedContextConfiguration = [MergedContextConfiguration@115872f5 testClass = UserServiceTest, locations = '{classpath:/applicationContext.xml}', classes = '{}', activeProfiles = '{}', contextLoader = 'org.springframework.test.context.support.DelegatingSmartContextLoader']]]
16:27:03,439 INFO - org.springframework.test.context.transaction.TransactionalTestExecutionListener.startNewTransaction(274) | Began transaction (1): transaction manager [org.springframework.orm.hibernate3.HibernateTransactionManager@3c03dfcb]; rollback [false]
16:27:03,618 INFO - org.springframework.test.context.transaction.TransactionalTestExecutionListener.endTransaction(294) | Committed transaction after test execution for test context [[TestContext@10b173c3 testClass = TestAfter, testInstance = com.metecyu.yusr.testUtil.TestAfter@72270fc4, testMethod = addTestDate@TestAfter, testException = [null], mergedContextConfiguration = [MergedContextConfiguration@627c4768 testClass = TestAfter, locations = '{classpath:/applicationContext.xml}', classes = '{}', activeProfiles = '{}', contextLoader = 'org.springframework.test.context.support.DelegatingSmartContextLoader']]]
16:27:03,637 INFO - org.springframework.context.support.AbstractApplicationContext.doClose(1020) | Closing org.springframework.context.support.GenericApplicationContext@30e3c624: startup date [Tue Apr 29 16:26:54 CST 2014]; root of context hierarchy
16:27:03,639 INFO - org.springframework.beans.factory.support.DefaultSingletonBeanRegistry.destroySingletons(433) | Destroying singletons in org.springframework.beans.factory.support.DefaultListableBeanFactory@5097d026: defining beans [sessionFactory,dataSource,transactionManager,txAdvice,org.springframework.aop.config.internalAutoProxyCreator,allServiceMethod,org.springframework.aop.support.DefaultBeanFactoryPointcutAdvisor#0,org.springframework.beans.factory.annotation.AutowiredAnnotationBeanPostProcessor#0,dataCenter,deptDAO,userDAO,org.springframework.context.annotation.internalConfigurationAnnotationProcessor,org.springframework.context.annotation.internalAutowiredAnnotationProcessor,org.springframework.context.annotation.internalRequiredAnnotationProcessor,org.springframework.context.annotation.internalCommonAnnotationProcessor,deptService,userService,org.springframework.context.annotation.ConfigurationClassPostProcessor$ImportAwareBeanPostProcessor#0]; root of factory hierarchy
16:27:03,641 INFO - org.springframework.orm.hibernate3.AbstractSessionFactoryBean.destroy(246) | Closing Hibernate SessionFactory
16:27:03,641 INFO - org.hibernate.impl.SessionFactoryImpl.close(769) | closing
